  Source.cpp
D:\Programming\MyPrograms\AimTrainer\AimTrainer\textures.h(73,23): warning C4244: +=: преобразование "float" в "int", возможна потеря данных
D:\Programming\MyPrograms\AimTrainer\AimTrainer\textures.h(75,23): warning C4244: =: преобразование "float" в "int", возможна потеря данных
D:\Programming\MyPrograms\AimTrainer\AimTrainer\Source.cpp(46,14): warning C4244: инициализация: преобразование "int" в "float", возможна потеря данных
D:\Programming\MyPrograms\AimTrainer\AimTrainer\Source.cpp(47,14): warning C4244: инициализация: преобразование "int" в "float", возможна потеря данных
D:\Programming\MyPrograms\AimTrainer\AimTrainer\Source.cpp(67,25): warning C4244: аргумент: преобразование "double" в "float", возможна потеря данных
D:\Programming\MyPrograms\AimTrainer\AimTrainer\Source.cpp(67,22): warning C4244: аргумент: преобразование "double" в "float", возможна потеря данных
D:\Programming\MyPrograms\AimTrainer\AimTrainer\Source.cpp(86,31): warning C4244: аргумент: преобразование "double" в "float", возможна потеря данных
D:\Programming\MyPrograms\AimTrainer\AimTrainer\Source.cpp(86,28): warning C4244: аргумент: преобразование "double" в "float", возможна потеря данных
D:\Programming\MyPrograms\AimTrainer\AimTrainer\Source.cpp(89,28): warning C4244: аргумент: преобразование "double" в "float", возможна потеря данных
D:\Programming\MyPrograms\AimTrainer\AimTrainer\Source.cpp(89,25): warning C4244: аргумент: преобразование "double" в "float", возможна потеря данных
D:\Programming\MyPrograms\AimTrainer\AimTrainer\Source.cpp(93,28): warning C4244: аргумент: преобразование "double" в "float", возможна потеря данных
D:\Programming\MyPrograms\AimTrainer\AimTrainer\Source.cpp(93,25): warning C4244: аргумент: преобразование "double" в "float", возможна потеря данных
D:\Programming\MyPrograms\AimTrainer\AimTrainer\Source.cpp(101,28): warning C4244: аргумент: преобразование "double" в "float", возможна потеря данных
D:\Programming\MyPrograms\AimTrainer\AimTrainer\Source.cpp(101,25): warning C4244: аргумент: преобразование "double" в "float", возможна потеря данных
D:\Programming\MyPrograms\AimTrainer\AimTrainer\Source.cpp(119,20): warning C4244: аргумент: преобразование "double" в "float", возможна потеря данных
D:\Programming\MyPrograms\AimTrainer\AimTrainer\Source.cpp(119,17): warning C4244: аргумент: преобразование "double" в "float", возможна потеря данных
D:\Programming\MyPrograms\AimTrainer\AimTrainer\Source.cpp(120,21): warning C4244: аргумент: преобразование "double" в "float", возможна потеря данных
D:\Programming\MyPrograms\AimTrainer\AimTrainer\Source.cpp(120,18): warning C4244: аргумент: преобразование "double" в "float", возможна потеря данных
D:\Programming\MyPrograms\AimTrainer\AimTrainer\Source.cpp(121,18): warning C4244: аргумент: преобразование "double" в "float", возможна потеря данных
D:\Programming\MyPrograms\AimTrainer\AimTrainer\Source.cpp(121,15): warning C4244: аргумент: преобразование "double" в "float", возможна потеря данных
D:\Programming\MyPrograms\AimTrainer\AimTrainer\Source.cpp(122,18): warning C4244: аргумент: преобразование "double" в "float", возможна потеря данных
D:\Programming\MyPrograms\AimTrainer\AimTrainer\Source.cpp(122,15): warning C4244: аргумент: преобразование "double" в "float", возможна потеря данных
D:\Programming\MyPrograms\AimTrainer\AimTrainer\Source.cpp(123,18): warning C4244: аргумент: преобразование "double" в "float", возможна потеря данных
D:\Programming\MyPrograms\AimTrainer\AimTrainer\Source.cpp(123,15): warning C4244: аргумент: преобразование "double" в "float", возможна потеря данных
D:\Programming\MyPrograms\AimTrainer\AimTrainer\Source.cpp(146,23): warning C4244: аргумент: преобразование "double" в "float", возможна потеря данных
D:\Programming\MyPrograms\AimTrainer\AimTrainer\Source.cpp(146,20): warning C4244: аргумент: преобразование "double" в "float", возможна потеря данных
D:\Programming\MyPrograms\AimTrainer\AimTrainer\Source.cpp(151,23): warning C4244: аргумент: преобразование "double" в "float", возможна потеря данных
D:\Programming\MyPrograms\AimTrainer\AimTrainer\Source.cpp(151,20): warning C4244: аргумент: преобразование "double" в "float", возможна потеря данных
D:\Programming\MyPrograms\AimTrainer\AimTrainer\Source.cpp(186,12): warning C4244: аргумент: преобразование "time_t" в "unsigned int", возможна потеря данных
  Создание кода
  2 of 343 functions ( 0.6%) were compiled, the rest were copied from previous compilation.
    0 functions were new in current compilation
    13 functions had inline decision re-evaluated but remain unchanged
  Создание кода завершено
  AimTrainer.vcxproj -> D:\Programming\MyPrograms\AimTrainer\x64\Release\AimTrainer.exe
